d:\visual_studio_2022_code\类模板\类模板\x64\debug\vc143.pdb
d:\visual_studio_2022_code\类模板\类模板\x64\debug\vc143.idb
d:\visual_studio_2022_code\类模板\类模板\x64\debug\01类模板语法.obj
d:\visual_studio_2022_code\类模板\类模板\x64\debug\02类模板和函数模板的区别.obj
d:\visual_studio_2022_code\类模板\类模板\x64\debug\04类模板对象做函数参数.obj
d:\visual_studio_2022_code\类模板\类模板\x64\debug\03类模板中成员函数创建时机.obj
d:\visual_studio_2022_code\类模板\类模板\x64\debug\05类模板与继承.obj
d:\visual_studio_2022_code\类模板\类模板\x64\debug\06类模板成员函数的类外实现.obj
d:\visual_studio_2022_code\类模板\类模板\x64\debug\07类模板分文件编写.obj
d:\visual_studio_2022_code\类模板\x64\debug\类模板.exe
d:\visual_studio_2022_code\类模板\类模板\x64\debug\类模板.ilk
d:\visual_studio_2022_code\类模板\x64\debug\类模板.pdb
d:\visual_studio_2022_code\类模板\类模板\x64\debug\类模板和函数模板的区别.obj
d:\visual_studio_2022_code\类模板\类模板\x64\debug\类模板.tlog\cl.command.1.tlog
d:\visual_studio_2022_code\类模板\类模板\x64\debug\类模板.tlog\cl.items.tlog
d:\visual_studio_2022_code\类模板\类模板\x64\debug\类模板.tlog\cl.read.1.tlog
d:\visual_studio_2022_code\类模板\类模板\x64\debug\类模板.tlog\cl.write.1.tlog
d:\visual_studio_2022_code\类模板\类模板\x64\debug\类模板.tlog\link.command.1.tlog
d:\visual_studio_2022_code\类模板\类模板\x64\debug\类模板.tlog\link.read.1.tlog
d:\visual_studio_2022_code\类模板\类模板\x64\debug\类模板.tlog\link.write.1.tlog
